# JRE version: Java(TM) SE Runtime Environment (8.0_31-b13) (build 1.8.0_31-b13)
# Java VM: Java HotSpot(TM) 64-Bit Server VM (25.31-b07 mixed mode windows-amd64 compressed oops)
Heap:
 PSYoungGen      total 150528K, used 56126K [0x00000000eab00000, 0x00000000f5d80000, 0x0000000100000000)
  eden space 125440K, 36% used [0x00000000eab00000,0x00000000ed79a130,0x00000000f2580000)
  from space 25088K, 41% used [0x00000000f2580000,0x00000000f2fb5808,0x00000000f3e00000)
  to   space 24064K, 0% used [0x00000000f4600000,0x00000000f4600000,0x00000000f5d80000)
 ParOldGen       total 72704K, used 47447K [0x00000000c0000000, 0x00000000c4700000, 0x00000000eab00000)
  object space 72704K, 65% used [0x00000000c0000000,0x00000000c2e55f40,0x00000000c4700000)
 Metaspace       used 57136K, capacity 60580K, committed 60840K, reserved 1101824K
  class space    used 7670K, capacity 8658K, committed 8872K, reserved 1048576K
GC Heap History (10 events):
Event: 3563.695 GC heap before
{Heap before GC invocations=29 (full 3):
 PSYoungGen      total 156160K, used 140803K [0x00000000eab00000, 0x00000000f7280000, 0x0000000100000000)
  eden space 127488K, 100% used [0x00000000eab00000,0x00000000f2780000,0x00000000f2780000)
  from space 28672K, 46% used [0x00000000f2780000,0x00000000f3480fa0,0x00000000f4380000)
  to   space 28160K, 0% used [0x00000000f5700000,0x00000000f5700000,0x00000000f7280000)
 ParOldGen       total 72704K, used 47995K [0x00000000c0000000, 0x00000000c4700000, 0x00000000eab00000)
  object space 72704K, 66% used [0x00000000c0000000,0x00000000c2eded48,0x00000000c4700000)
 Metaspace       used 56000K, capacity 59116K, committed 59304K, reserved 1099776K
  class space    used 7593K, capacity 8590K, committed 8616K, reserved 1048576K
Event: 3563.720 GC heap after
Heap after GC invocations=29 (full 3):
 PSYoungGen      total 138240K, used 15181K [0x00000000eab00000, 0x00000000f6600000, 0x0000000100000000)
  eden space 122880K, 0% used [0x00000000eab00000,0x00000000eab00000,0x00000000f2300000)
  from space 15360K, 98% used [0x00000000f5700000,0x00000000f65d3728,0x00000000f6600000)
  to   space 27648K, 0% used [0x00000000f3000000,0x00000000f3000000,0x00000000f4b00000)
 ParOldGen       total 72704K, used 48003K [0x00000000c0000000, 0x00000000c4700000, 0x00000000eab00000)
  object space 72704K, 66% used [0x00000000c0000000,0x00000000c2ee0d48,0x00000000c4700000)
 Metaspace       used 56000K, capacity 59116K, committed 59304K, reserved 1099776K
  class space    used 7593K, capacity 8590K, committed 8616K, reserved 1048576K
}
Event: 3571.561 GC heap before
{Heap before GC invocations=30 (full 3):
 PSYoungGen      total 138240K, used 47550K [0x00000000eab00000, 0x00000000f6600000, 0x0000000100000000)
  eden space 122880K, 26% used [0x00000000eab00000,0x00000000eca9c108,0x00000000f2300000)
  from space 15360K, 98% used [0x00000000f5700000,0x00000000f65d3728,0x00000000f6600000)
  to   space 27648K, 0% used [0x00000000f3000000,0x00000000f3000000,0x00000000f4b00000)
 ParOldGen       total 72704K, used 48003K [0x00000000c0000000, 0x00000000c4700000, 0x00000000eab00000)
  object space 72704K, 66% used [0x00000000c0000000,0x00000000c2ee0d48,0x00000000c4700000)
 Metaspace       used 56945K, capacity 60030K, committed 60200K, reserved 1101824K
  class space    used 7730K, capacity 8722K, committed 8744K, reserved 1048576K
Event: 3571.589 GC heap after
Heap after GC invocations=30 (full 3):
 PSYoungGen      total 133632K, used 10720K [0x00000000eab00000, 0x00000000f5780000, 0x0000000100000000)
  eden space 122880K, 0% used [0x00000000eab00000,0x00000000eab00000,0x00000000f2300000)
  from space 10752K, 99% used [0x00000000f3000000,0x00000000f3a781f8,0x00000000f3a80000)
  to   space 26112K, 0% used [0x00000000f3e00000,0x00000000f3e00000,0x00000000f5780000)
 ParOldGen       total 72704K, used 48011K [0x00000000c0000000, 0x00000000c4700000, 0x00000000eab00000)
  object space 72704K, 66% used [0x00000000c0000000,0x00000000c2ee2d48,0x00000000c4700000)
 Metaspace       used 56945K, capacity 60030K, committed 60200K, reserved 1101824K
  class space    used 7730K, capacity 8722K, committed 8744K, reserved 1048576K
}
Event: 3571.589 GC heap before
{Heap before GC invocations=31 (full 4):
 PSYoungGen      total 133632K, used 10720K [0x00000000eab00000, 0x00000000f5780000, 0x0000000100000000)
  eden space 122880K, 0% used [0x00000000eab00000,0x00000000eab00000,0x00000000f2300000)
  from space 10752K, 99% used [0x00000000f3000000,0x00000000f3a781f8,0x00000000f3a80000)
  to   space 26112K, 0% used [0x00000000f3e00000,0x00000000f3e00000,0x00000000f5780000)
 ParOldGen       total 72704K, used 48011K [0x00000000c0000000, 0x00000000c4700000, 0x00000000eab00000)
  object space 72704K, 66% used [0x00000000c0000000,0x00000000c2ee2d48,0x00000000c4700000)
 Metaspace       used 56945K, capacity 60030K, committed 60200K, reserved 1101824K
  class space    used 7730K, capacity 8722K, committed 8744K, reserved 1048576K
Event: 3572.117 GC heap after
Heap after GC invocations=31 (full 4):
 PSYoungGen      total 133632K, used 0K [0x00000000eab00000, 0x00000000f5780000, 0x0000000100000000)
  eden space 122880K, 0% used [0x00000000eab00000,0x00000000eab00000,0x00000000f2300000)
  from space 10752K, 0% used [0x00000000f3000000,0x00000000f3000000,0x00000000f3a80000)
  to   space 26112K, 0% used [0x00000000f3e00000,0x00000000f3e00000,0x00000000f5780000)
 ParOldGen       total 72704K, used 47431K [0x00000000c0000000, 0x00000000c4700000, 0x00000000eab00000)
  object space 72704K, 65% used [0x00000000c0000000,0x00000000c2e51f40,0x00000000c4700000)
 Metaspace       used 55978K, capacity 58554K, committed 60200K, reserved 1101824K
  class space    used 7530K, capacity 8351K, committed 8744K, reserved 1048576K
}
Event: 3619.149 GC heap before
{Heap before GC invocations=32 (full 4):
 PSYoungGen      total 133632K, used 122880K [0x00000000eab00000, 0x00000000f5780000, 0x0000000100000000)
  eden space 122880K, 100% used [0x00000000eab00000,0x00000000f2300000,0x00000000f2300000)
  from space 10752K, 0% used [0x00000000f3000000,0x00000000f3000000,0x00000000f3a80000)
  to   space 26112K, 0% used [0x00000000f3e00000,0x00000000f3e00000,0x00000000f5780000)
 ParOldGen       total 72704K, used 47431K [0x00000000c0000000, 0x00000000c4700000, 0x00000000eab00000)
  object space 72704K, 65% used [0x00000000c0000000,0x00000000c2e51f40,0x00000000c4700000)
 Metaspace       used 56416K, capacity 59346K, committed 60200K, reserved 1101824K
  class space    used 7593K, capacity 8504K, committed 8744K, reserved 1048576K
Event: 3619.193 GC heap after
Heap after GC invocations=32 (full 4):
 PSYoungGen      total 151552K, used 9701K [0x00000000eab00000, 0x00000000f5e80000, 0x0000000100000000)
  eden space 125440K, 0% used [0x00000000eab00000,0x00000000eab00000,0x00000000f2580000)
  from space 26112K, 37% used [0x00000000f3e00000,0x00000000f47797d0,0x00000000f5780000)
  to   space 25088K, 0% used [0x00000000f2580000,0x00000000f2580000,0x00000000f3e00000)
 ParOldGen       total 72704K, used 47439K [0x00000000c0000000, 0x00000000c4700000, 0x00000000eab00000)
  object space 72704K, 65% used [0x00000000c0000000,0x00000000c2e53f40,0x00000000c4700000)
 Metaspace       used 56416K, capacity 59346K, committed 60200K, reserved 1101824K
  class space    used 7593K, capacity 8504K, committed 8744K, reserved 1048576K
}
Event: 3814.828 GC heap before
{Heap before GC invocations=33 (full 4):
 PSYoungGen      total 151552K, used 135141K [0x00000000eab00000, 0x00000000f5e80000, 0x0000000100000000)
  eden space 125440K, 100% used [0x00000000eab00000,0x00000000f2580000,0x00000000f2580000)
  from space 26112K, 37% used [0x00000000f3e00000,0x00000000f47797d0,0x00000000f5780000)
  to   space 25088K, 0% used [0x00000000f2580000,0x00000000f2580000,0x00000000f3e00000)
 ParOldGen       total 72704K, used 47439K [0x00000000c0000000, 0x00000000c4700000, 0x00000000eab00000)
  object space 72704K, 65% used [0x00000000c0000000,0x00000000c2e53f40,0x00000000c4700000)
 Metaspace       used 56816K, capacity 59998K, committed 60456K, reserved 1101824K
  class space    used 7629K, capacity 8583K, committed 8744K, reserved 1048576K
Event: 3814.842 GC heap after
Heap after GC invocations=33 (full 4):
 PSYoungGen      total 150528K, used 10454K [0x00000000eab00000, 0x00000000f5d80000, 0x0000000100000000)
  eden space 125440K, 0% used [0x00000000eab00000,0x00000000eab00000,0x00000000f2580000)
  from space 25088K, 41% used [0x00000000f2580000,0x00000000f2fb5808,0x00000000f3e00000)
  to   space 24064K, 0% used [0x00000000f4600000,0x00000000f4600000,0x00000000f5d80000)
 ParOldGen       total 72704K, used 47447K [0x00000000c0000000, 0x00000000c4700000, 0x00000000eab00000)
  object space 72704K, 65% used [0x00000000c0000000,0x00000000c2e55f40,0x00000000c4700000)
 Metaspace       used 56816K, capacity 59998K, committed 60456K, reserved 1101824K
  class space    used 7629K, capacity 8583K, committed 8744K, reserved 1048576K
}

