# JRE version: Java(TM) SE Runtime Environment (8.0_31-b13) (build 1.8.0_31-b13)
# Java VM: Java HotSpot(TM) 64-Bit Server VM (25.31-b07 mixed mode windows-amd64 compressed oops)
Heap:
 PSYoungGen      total 141824K, used 11253K [0x00000000eab00000, 0x00000000f4e80000, 0x0000000100000000)
  eden space 130560K, 0% used [0x00000000eab00000,0x00000000eab00000,0x00000000f2a80000)
  from space 11264K, 99% used [0x00000000f3800000,0x00000000f42fd510,0x00000000f4300000)
  to   space 13824K, 0% used [0x00000000f2a80000,0x00000000f2a80000,0x00000000f3800000)
 ParOldGen       total 38912K, used 17781K [0x00000000c0000000, 0x00000000c2600000, 0x00000000eab00000)
  object space 38912K, 45% used [0x00000000c0000000,0x00000000c115d5c0,0x00000000c2600000)
 Metaspace       used 34266K, capacity 35372K, committed 35416K, reserved 1079296K
  class space    used 4569K, capacity 4988K, committed 4992K, reserved 1048576K
GC Heap History (10 events):
Event: 8.173 GC heap after
Heap after GC invocations=12 (full 1):
 PSYoungGen      total 68096K, used 2994K [0x00000000eab00000, 0x00000000f0900000, 0x0000000100000000)
  eden space 59904K, 0% used [0x00000000eab00000,0x00000000eab00000,0x00000000ee580000)
  from space 8192K, 36% used [0x00000000ee580000,0x00000000ee86cb80,0x00000000eed80000)
  to   space 8192K, 0% used [0x00000000f0100000,0x00000000f0100000,0x00000000f0900000)
 ParOldGen       total 38912K, used 8559K [0x00000000c0000000, 0x00000000c2600000, 0x00000000eab00000)
  object space 38912K, 21% used [0x00000000c0000000,0x00000000c085bdf0,0x00000000c2600000)
 Metaspace       used 23316K, capacity 23932K, committed 24064K, reserved 1071104K
  class space    used 3028K, capacity 3212K, committed 3328K, reserved 1048576K
}
Event: 8.990 GC heap before
{Heap before GC invocations=13 (full 1):
 PSYoungGen      total 68096K, used 62898K [0x00000000eab00000, 0x00000000f0900000, 0x0000000100000000)
  eden space 59904K, 100% used [0x00000000eab00000,0x00000000ee580000,0x00000000ee580000)
  from space 8192K, 36% used [0x00000000ee580000,0x00000000ee86cb80,0x00000000eed80000)
  to   space 8192K, 0% used [0x00000000f0100000,0x00000000f0100000,0x00000000f0900000)
 ParOldGen       total 38912K, used 8559K [0x00000000c0000000, 0x00000000c2600000, 0x00000000eab00000)
  object space 38912K, 21% used [0x00000000c0000000,0x00000000c085bdf0,0x00000000c2600000)
 Metaspace       used 23317K, capacity 23932K, committed 24064K, reserved 1071104K
  class space    used 3028K, capacity 3212K, committed 3328K, reserved 1048576K
Event: 8.996 GC heap after
Heap after GC invocations=13 (full 1):
 PSYoungGen      total 84992K, used 2624K [0x00000000eab00000, 0x00000000f0700000, 0x0000000100000000)
  eden space 78848K, 0% used [0x00000000eab00000,0x00000000eab00000,0x00000000ef800000)
  from space 6144K, 42% used [0x00000000f0100000,0x00000000f0390000,0x00000000f0700000)
  to   space 7680K, 0% used [0x00000000ef800000,0x00000000ef800000,0x00000000eff80000)
 ParOldGen       total 38912K, used 8879K [0x00000000c0000000, 0x00000000c2600000, 0x00000000eab00000)
  object space 38912K, 22% used [0x00000000c0000000,0x00000000c08abe30,0x00000000c2600000)
 Metaspace       used 23317K, capacity 23932K, committed 24064K, reserved 1071104K
  class space    used 3028K, capacity 3212K, committed 3328K, reserved 1048576K
}
Event: 9.743 GC heap before
{Heap before GC invocations=14 (full 1):
 PSYoungGen      total 84992K, used 81472K [0x00000000eab00000, 0x00000000f0700000, 0x0000000100000000)
  eden space 78848K, 100% used [0x00000000eab00000,0x00000000ef800000,0x00000000ef800000)
  from space 6144K, 42% used [0x00000000f0100000,0x00000000f0390000,0x00000000f0700000)
  to   space 7680K, 0% used [0x00000000ef800000,0x00000000ef800000,0x00000000eff80000)
 ParOldGen       total 38912K, used 8879K [0x00000000c0000000, 0x00000000c2600000, 0x00000000eab00000)
  object space 38912K, 22% used [0x00000000c0000000,0x00000000c08abe30,0x00000000c2600000)
 Metaspace       used 23321K, capacity 23932K, committed 24064K, reserved 1071104K
  class space    used 3028K, capacity 3212K, committed 3328K, reserved 1048576K
Event: 9.754 GC heap after
Heap after GC invocations=14 (full 1):
 PSYoungGen      total 86528K, used 2960K [0x00000000eab00000, 0x00000000f1e80000, 0x0000000100000000)
  eden space 78848K, 0% used [0x00000000eab00000,0x00000000eab00000,0x00000000ef800000)
  from space 7680K, 38% used [0x00000000ef800000,0x00000000efae4030,0x00000000eff80000)
  to   space 7168K, 0% used [0x00000000f1780000,0x00000000f1780000,0x00000000f1e80000)
 ParOldGen       total 38912K, used 9007K [0x00000000c0000000, 0x00000000c2600000, 0x00000000eab00000)
  object space 38912K, 23% used [0x00000000c0000000,0x00000000c08cbe30,0x00000000c2600000)
 Metaspace       used 23321K, capacity 23932K, committed 24064K, reserved 1071104K
  class space    used 3028K, capacity 3212K, committed 3328K, reserved 1048576K
}
Event: 11.208 GC heap before
{Heap before GC invocations=15 (full 1):
 PSYoungGen      total 86528K, used 81808K [0x00000000eab00000, 0x00000000f1e80000, 0x0000000100000000)
  eden space 78848K, 100% used [0x00000000eab00000,0x00000000ef800000,0x00000000ef800000)
  from space 7680K, 38% used [0x00000000ef800000,0x00000000efae4030,0x00000000eff80000)
  to   space 7168K, 0% used [0x00000000f1780000,0x00000000f1780000,0x00000000f1e80000)
 ParOldGen       total 38912K, used 9007K [0x00000000c0000000, 0x00000000c2600000, 0x00000000eab00000)
  object space 38912K, 23% used [0x00000000c0000000,0x00000000c08cbe30,0x00000000c2600000)
 Metaspace       used 24994K, capacity 25806K, committed 25984K, reserved 1071104K
  class space    used 3292K, capacity 3587K, committed 3712K, reserved 1048576K
Event: 11.221 GC heap after
Heap after GC invocations=15 (full 1):
 PSYoungGen      total 110592K, used 5504K [0x00000000eab00000, 0x00000000f1f00000, 0x0000000100000000)
  eden space 103424K, 0% used [0x00000000eab00000,0x00000000eab00000,0x00000000f1000000)
  from space 7168K, 76% used [0x00000000f1780000,0x00000000f1ce0398,0x00000000f1e80000)
  to   space 7680K, 0% used [0x00000000f1000000,0x00000000f1000000,0x00000000f1780000)
 ParOldGen       total 38912K, used 10023K [0x00000000c0000000, 0x00000000c2600000, 0x00000000eab00000)
  object space 38912K, 25% used [0x00000000c0000000,0x00000000c09c9e30,0x00000000c2600000)
 Metaspace       used 24994K, capacity 25806K, committed 25984K, reserved 1071104K
  class space    used 3292K, capacity 3587K, committed 3712K, reserved 1048576K
}
Event: 17.348 GC heap before
{Heap before GC invocations=16 (full 1):
 PSYoungGen      total 110592K, used 108928K [0x00000000eab00000, 0x00000000f1f00000, 0x0000000100000000)
  eden space 103424K, 100% used [0x00000000eab00000,0x00000000f1000000,0x00000000f1000000)
  from space 7168K, 76% used [0x00000000f1780000,0x00000000f1ce0398,0x00000000f1e80000)
  to   space 7680K, 0% used [0x00000000f1000000,0x00000000f1000000,0x00000000f1780000)
 ParOldGen       total 38912K, used 10023K [0x00000000c0000000, 0x00000000c2600000, 0x00000000eab00000)
  object space 38912K, 25% used [0x00000000c0000000,0x00000000c09c9e30,0x00000000c2600000)
 Metaspace       used 31367K, capacity 32506K, committed 32768K, reserved 1077248K
  class space    used 4113K, capacity 4525K, committed 4608K, reserved 1048576K
Event: 17.379 GC heap after
Heap after GC invocations=16 (full 1):
 PSYoungGen      total 111104K, used 7668K [0x00000000eab00000, 0x00000000f4300000, 0x0000000100000000)
  eden space 103424K, 0% used [0x00000000eab00000,0x00000000eab00000,0x00000000f1000000)
  from space 7680K, 99% used [0x00000000f1000000,0x00000000f177d050,0x00000000f1780000)
  to   space 11264K, 0% used [0x00000000f3800000,0x00000000f3800000,0x00000000f4300000)
 ParOldGen       total 38912K, used 15850K [0x00000000c0000000, 0x00000000c2600000, 0x00000000eab00000)
  object space 38912K, 40% used [0x00000000c0000000,0x00000000c0f7a848,0x00000000c2600000)
 Metaspace       used 31367K, capacity 32506K, committed 32768K, reserved 1077248K
  class space    used 4113K, capacity 4525K, committed 4608K, reserved 1048576K
}
Event: 18.756 GC heap before
{Heap before GC invocations=17 (full 1):
 PSYoungGen      total 111104K, used 54938K [0x00000000eab00000, 0x00000000f4300000, 0x0000000100000000)
  eden space 103424K, 45% used [0x00000000eab00000,0x00000000ed929ad8,0x00000000f1000000)
  from space 7680K, 99% used [0x00000000f1000000,0x00000000f177d050,0x00000000f1780000)
  to   space 11264K, 0% used [0x00000000f3800000,0x00000000f3800000,0x00000000f4300000)
 ParOldGen       total 38912K, used 15850K [0x00000000c0000000, 0x00000000c2600000, 0x00000000eab00000)
  object space 38912K, 40% used [0x00000000c0000000,0x00000000c0f7a848,0x00000000c2600000)
 Metaspace       used 34266K, capacity 35372K, committed 35416K, reserved 1079296K
  class space    used 4569K, capacity 4988K, committed 4992K, reserved 1048576K

