# JRE version: Java(TM) SE Runtime Environment (8.0_31-b13) (build 1.8.0_31-b13)
# Java VM: Java HotSpot(TM) 64-Bit Server VM (25.31-b07 mixed mode windows-amd64 compressed oops)
Heap:
 PSYoungGen      total 111616K, used 10228K [0x00000000eab00000, 0x00000000f2f80000, 0x0000000100000000)
  eden space 101376K, 0% used [0x00000000eab00000,0x00000000eab00000,0x00000000f0e00000)
  from space 10240K, 99% used [0x00000000f1c00000,0x00000000f25fd030,0x00000000f2600000)
  to   space 14336K, 0% used [0x00000000f0e00000,0x00000000f0e00000,0x00000000f1c00000)
 ParOldGen       total 35328K, used 19503K [0x00000000c0000000, 0x00000000c2280000, 0x00000000eab00000)
  object space 35328K, 55% used [0x00000000c0000000,0x00000000c130bd70,0x00000000c2280000)
 Metaspace       used 34352K, capacity 35424K, committed 35496K, reserved 1079296K
  class space    used 4595K, capacity 5032K, committed 5032K, reserved 1048576K
GC Heap History (10 events):
Event: 8.219 GC heap after
Heap after GC invocations=15 (full 1):
 PSYoungGen      total 76800K, used 912K [0x00000000eab00000, 0x00000000efc80000, 0x0000000100000000)
  eden space 70144K, 0% used [0x00000000eab00000,0x00000000eab00000,0x00000000eef80000)
  from space 6656K, 13% used [0x00000000ef600000,0x00000000ef6e4010,0x00000000efc80000)
  to   space 6656K, 0% used [0x00000000eef80000,0x00000000eef80000,0x00000000ef600000)
 ParOldGen       total 35328K, used 8371K [0x00000000c0000000, 0x00000000c2280000, 0x00000000eab00000)
  object space 35328K, 23% used [0x00000000c0000000,0x00000000c082cc88,0x00000000c2280000)
 Metaspace       used 22085K, capacity 22622K, committed 22912K, reserved 1069056K
  class space    used 2919K, capacity 3080K, committed 3200K, reserved 1048576K
}
Event: 8.784 GC heap before
{Heap before GC invocations=16 (full 1):
 PSYoungGen      total 76800K, used 71056K [0x00000000eab00000, 0x00000000efc80000, 0x0000000100000000)
  eden space 70144K, 100% used [0x00000000eab00000,0x00000000eef80000,0x00000000eef80000)
  from space 6656K, 13% used [0x00000000ef600000,0x00000000ef6e4010,0x00000000efc80000)
  to   space 6656K, 0% used [0x00000000eef80000,0x00000000eef80000,0x00000000ef600000)
 ParOldGen       total 35328K, used 8371K [0x00000000c0000000, 0x00000000c2280000, 0x00000000eab00000)
  object space 35328K, 23% used [0x00000000c0000000,0x00000000c082cc88,0x00000000c2280000)
 Metaspace       used 22086K, capacity 22622K, committed 22912K, reserved 1069056K
  class space    used 2919K, capacity 3080K, committed 3200K, reserved 1048576K
Event: 8.790 GC heap after
Heap after GC invocations=16 (full 1):
 PSYoungGen      total 76800K, used 1184K [0x00000000eab00000, 0x00000000f1080000, 0x0000000100000000)
  eden space 70144K, 0% used [0x00000000eab00000,0x00000000eab00000,0x00000000eef80000)
  from space 6656K, 17% used [0x00000000eef80000,0x00000000ef0a8020,0x00000000ef600000)
  to   space 6656K, 0% used [0x00000000f0a00000,0x00000000f0a00000,0x00000000f1080000)
 ParOldGen       total 35328K, used 8555K [0x00000000c0000000, 0x00000000c2280000, 0x00000000eab00000)
  object space 35328K, 24% used [0x00000000c0000000,0x00000000c085ac88,0x00000000c2280000)
 Metaspace       used 22086K, capacity 22622K, committed 22912K, reserved 1069056K
  class space    used 2919K, capacity 3080K, committed 3200K, reserved 1048576K
}
Event: 9.954 GC heap before
{Heap before GC invocations=17 (full 1):
 PSYoungGen      total 76800K, used 71328K [0x00000000eab00000, 0x00000000f1080000, 0x0000000100000000)
  eden space 70144K, 100% used [0x00000000eab00000,0x00000000eef80000,0x00000000eef80000)
  from space 6656K, 17% used [0x00000000eef80000,0x00000000ef0a8020,0x00000000ef600000)
  to   space 6656K, 0% used [0x00000000f0a00000,0x00000000f0a00000,0x00000000f1080000)
 ParOldGen       total 35328K, used 8555K [0x00000000c0000000, 0x00000000c2280000, 0x00000000eab00000)
  object space 35328K, 24% used [0x00000000c0000000,0x00000000c085ac88,0x00000000c2280000)
 Metaspace       used 24022K, capacity 24700K, committed 24960K, reserved 1071104K
  class space    used 3143K, capacity 3393K, committed 3456K, reserved 1048576K
Event: 9.966 GC heap after
Heap after GC invocations=17 (full 1):
 PSYoungGen      total 96768K, used 5592K [0x00000000eab00000, 0x00000000f1100000, 0x0000000100000000)
  eden space 90112K, 0% used [0x00000000eab00000,0x00000000eab00000,0x00000000f0300000)
  from space 6656K, 84% used [0x00000000f0a00000,0x00000000f0f760d8,0x00000000f1080000)
  to   space 7168K, 0% used [0x00000000f0300000,0x00000000f0300000,0x00000000f0a00000)
 ParOldGen       total 35328K, used 8563K [0x00000000c0000000, 0x00000000c2280000, 0x00000000eab00000)
  object space 35328K, 24% used [0x00000000c0000000,0x00000000c085cc88,0x00000000c2280000)
 Metaspace       used 24022K, capacity 24700K, committed 24960K, reserved 1071104K
  class space    used 3143K, capacity 3393K, committed 3456K, reserved 1048576K
}
Event: 13.775 GC heap before
{Heap before GC invocations=18 (full 1):
 PSYoungGen      total 96768K, used 95704K [0x00000000eab00000, 0x00000000f1100000, 0x0000000100000000)
  eden space 90112K, 100% used [0x00000000eab00000,0x00000000f0300000,0x00000000f0300000)
  from space 6656K, 84% used [0x00000000f0a00000,0x00000000f0f760d8,0x00000000f1080000)
  to   space 7168K, 0% used [0x00000000f0300000,0x00000000f0300000,0x00000000f0a00000)
 ParOldGen       total 35328K, used 8563K [0x00000000c0000000, 0x00000000c2280000, 0x00000000eab00000)
  object space 35328K, 24% used [0x00000000c0000000,0x00000000c085cc88,0x00000000c2280000)
 Metaspace       used 29229K, capacity 29996K, committed 30336K, reserved 1075200K
  class space    used 3857K, capacity 4145K, committed 4224K, reserved 1048576K
Event: 13.793 GC heap after
Heap after GC invocations=18 (full 1):
 PSYoungGen      total 97280K, used 7152K [0x00000000eab00000, 0x00000000f2600000, 0x0000000100000000)
  eden space 90112K, 0% used [0x00000000eab00000,0x00000000eab00000,0x00000000f0300000)
  from space 7168K, 99% used [0x00000000f0300000,0x00000000f09fc040,0x00000000f0a00000)
  to   space 10240K, 0% used [0x00000000f1c00000,0x00000000f1c00000,0x00000000f2600000)
 ParOldGen       total 35328K, used 12590K [0x00000000c0000000, 0x00000000c2280000, 0x00000000eab00000)
  object space 35328K, 35% used [0x00000000c0000000,0x00000000c0c4b8c0,0x00000000c2280000)
 Metaspace       used 29229K, capacity 29996K, committed 30336K, reserved 1075200K
  class space    used 3857K, capacity 4145K, committed 4224K, reserved 1048576K
}
Event: 16.764 GC heap before
{Heap before GC invocations=19 (full 1):
 PSYoungGen      total 97280K, used 86268K [0x00000000eab00000, 0x00000000f2600000, 0x0000000100000000)
  eden space 90112K, 87% used [0x00000000eab00000,0x00000000ef843270,0x00000000f0300000)
  from space 7168K, 99% used [0x00000000f0300000,0x00000000f09fc040,0x00000000f0a00000)
  to   space 10240K, 0% used [0x00000000f1c00000,0x00000000f1c00000,0x00000000f2600000)
 ParOldGen       total 35328K, used 12590K [0x00000000c0000000, 0x00000000c2280000, 0x00000000eab00000)
  object space 35328K, 35% used [0x00000000c0000000,0x00000000c0c4b8c0,0x00000000c2280000)
 Metaspace       used 34352K, capacity 35424K, committed 35496K, reserved 1079296K
  class space    used 4595K, capacity 5032K, committed 5032K, reserved 1048576K
Event: 16.812 GC heap after
Heap after GC invocations=19 (full 1):
 PSYoungGen      total 111616K, used 10228K [0x00000000eab00000, 0x00000000f2f80000, 0x0000000100000000)
  eden space 101376K, 0% used [0x00000000eab00000,0x00000000eab00000,0x00000000f0e00000)
  from space 10240K, 99% used [0x00000000f1c00000,0x00000000f25fd030,0x00000000f2600000)
  to   space 14336K, 0% used [0x00000000f0e00000,0x00000000f0e00000,0x00000000f1c00000)
 ParOldGen       total 35328K, used 19503K [0x00000000c0000000, 0x00000000c2280000, 0x00000000eab00000)
  object space 35328K, 55% used [0x00000000c0000000,0x00000000c130bd70,0x00000000c2280000)
 Metaspace       used 34352K, capacity 35424K, committed 35496K, reserved 1079296K
  class space    used 4595K, capacity 5032K, committed 5032K, reserved 1048576K
}
Event: 16.812 GC heap before
{Heap before GC invocations=20 (full 2):
 PSYoungGen      total 111616K, used 10228K [0x00000000eab00000, 0x00000000f2f80000, 0x0000000100000000)
  eden space 101376K, 0% used [0x00000000eab00000,0x00000000eab00000,0x00000000f0e00000)
  from space 10240K, 99% used [0x00000000f1c00000,0x00000000f25fd030,0x00000000f2600000)
  to   space 14336K, 0% used [0x00000000f0e00000,0x00000000f0e00000,0x00000000f1c00000)
 ParOldGen       total 35328K, used 19503K [0x00000000c0000000, 0x00000000c2280000, 0x00000000eab00000)
  object space 35328K, 55% used [0x00000000c0000000,0x00000000c130bd70,0x00000000c2280000)
 Metaspace       used 34352K, capacity 35424K, committed 35496K, reserved 1079296K
  class space    used 4595K, capacity 5032K, committed 5032K, reserved 1048576K

