# JRE version: Java(TM) SE Runtime Environment (8.0_31-b13) (build 1.8.0_31-b13)
# Java VM: Java HotSpot(TM) 64-Bit Server VM (25.31-b07 mixed mode windows-amd64 compressed oops)
Heap:
 PSYoungGen      total 144384K, used 18430K [0x00000000eab00000, 0x00000000fa700000, 0x0000000100000000)
  eden space 125952K, 0% used [0x00000000eab00000,0x00000000eab00000,0x00000000f2600000)
  from space 18432K, 99% used [0x00000000f2600000,0x00000000f37ff850,0x00000000f3800000)
  to   space 28160K, 0% used [0x00000000f8b80000,0x00000000f8b80000,0x00000000fa700000)
 ParOldGen       total 46080K, used 45780K [0x00000000c0000000, 0x00000000c2d00000, 0x00000000eab00000)
  object space 46080K, 99% used [0x00000000c0000000,0x00000000c2cb5348,0x00000000c2d00000)
 Metaspace       used 6092K, capacity 7216K, committed 7296K, reserved 1056768K
  class space    used 576K, capacity 616K, committed 640K, reserved 1048576K
GC Heap History (10 events):
Event: 10.829 GC heap after
Heap after GC invocations=5 (full 0):
 PSYoungGen      total 35328K, used 2538K [0x00000000eab00000, 0x00000000efa00000, 0x0000000100000000)
  eden space 32768K, 0% used [0x00000000eab00000,0x00000000eab00000,0x00000000ecb00000)
  from space 2560K, 99% used [0x00000000ecb00000,0x00000000ecd7ab80,0x00000000ecd80000)
  to   space 7680K, 0% used [0x00000000ef280000,0x00000000ef280000,0x00000000efa00000)
 ParOldGen       total 44032K, used 14398K [0x00000000c0000000, 0x00000000c2b00000, 0x00000000eab00000)
  object space 44032K, 32% used [0x00000000c0000000,0x00000000c0e0fb88,0x00000000c2b00000)
 Metaspace       used 5997K, capacity 7088K, committed 7296K, reserved 1056768K
  class space    used 575K, capacity 616K, committed 640K, reserved 1048576K
}
Event: 12.311 GC heap before
{Heap before GC invocations=6 (full 0):
 PSYoungGen      total 35328K, used 35306K [0x00000000eab00000, 0x00000000efa00000, 0x0000000100000000)
  eden space 32768K, 100% used [0x00000000eab00000,0x00000000ecb00000,0x00000000ecb00000)
  from space 2560K, 99% used [0x00000000ecb00000,0x00000000ecd7ab80,0x00000000ecd80000)
  to   space 7680K, 0% used [0x00000000ef280000,0x00000000ef280000,0x00000000efa00000)
 ParOldGen       total 44032K, used 14398K [0x00000000c0000000, 0x00000000c2b00000, 0x00000000eab00000)
  object space 44032K, 32% used [0x00000000c0000000,0x00000000c0e0fb88,0x00000000c2b00000)
 Metaspace       used 6012K, capacity 7088K, committed 7296K, reserved 1056768K
  class space    used 575K, capacity 616K, committed 640K, reserved 1048576K
Event: 12.386 GC heap after
Heap after GC invocations=6 (full 0):
 PSYoungGen      total 72704K, used 7328K [0x00000000eab00000, 0x00000000efb00000, 0x0000000100000000)
  eden space 65024K, 0% used [0x00000000eab00000,0x00000000eab00000,0x00000000eea80000)
  from space 7680K, 95% used [0x00000000ef280000,0x00000000ef9a8278,0x00000000efa00000)
  to   space 8192K, 0% used [0x00000000eea80000,0x00000000eea80000,0x00000000ef280000)
 ParOldGen       total 44032K, used 14398K [0x00000000c0000000, 0x00000000c2b00000, 0x00000000eab00000)
  object space 44032K, 32% used [0x00000000c0000000,0x00000000c0e0fb88,0x00000000c2b00000)
 Metaspace       used 6012K, capacity 7088K, committed 7296K, reserved 1056768K
  class space    used 575K, capacity 616K, committed 640K, reserved 1048576K
}
Event: 16.349 GC heap before
{Heap before GC invocations=7 (full 0):
 PSYoungGen      total 72704K, used 72352K [0x00000000eab00000, 0x00000000efb00000, 0x0000000100000000)
  eden space 65024K, 100% used [0x00000000eab00000,0x00000000eea80000,0x00000000eea80000)
  from space 7680K, 95% used [0x00000000ef280000,0x00000000ef9a8278,0x00000000efa00000)
  to   space 8192K, 0% used [0x00000000eea80000,0x00000000eea80000,0x00000000ef280000)
 ParOldGen       total 44032K, used 14398K [0x00000000c0000000, 0x00000000c2b00000, 0x00000000eab00000)
  object space 44032K, 32% used [0x00000000c0000000,0x00000000c0e0fb88,0x00000000c2b00000)
 Metaspace       used 6065K, capacity 7152K, committed 7296K, reserved 1056768K
  class space    used 576K, capacity 616K, committed 640K, reserved 1048576K
Event: 16.532 GC heap after
Heap after GC invocations=7 (full 0):
 PSYoungGen      total 73216K, used 8170K [0x00000000eab00000, 0x00000000f4600000, 0x0000000100000000)
  eden space 65024K, 0% used [0x00000000eab00000,0x00000000eab00000,0x00000000eea80000)
  from space 8192K, 99% used [0x00000000eea80000,0x00000000ef27a820,0x00000000ef280000)
  to   space 14336K, 0% used [0x00000000f3800000,0x00000000f3800000,0x00000000f4600000)
 ParOldGen       total 44032K, used 24637K [0x00000000c0000000, 0x00000000c2b00000, 0x00000000eab00000)
  object space 44032K, 55% used [0x00000000c0000000,0x00000000c180f490,0x00000000c2b00000)
 Metaspace       used 6065K, capacity 7152K, committed 7296K, reserved 1056768K
  class space    used 576K, capacity 616K, committed 640K, reserved 1048576K
}
Event: 18.645 GC heap before
{Heap before GC invocations=8 (full 0):
 PSYoungGen      total 73216K, used 73194K [0x00000000eab00000, 0x00000000f4600000, 0x0000000100000000)
  eden space 65024K, 100% used [0x00000000eab00000,0x00000000eea80000,0x00000000eea80000)
  from space 8192K, 99% used [0x00000000eea80000,0x00000000ef27a820,0x00000000ef280000)
  to   space 14336K, 0% used [0x00000000f3800000,0x00000000f3800000,0x00000000f4600000)
 ParOldGen       total 44032K, used 24637K [0x00000000c0000000, 0x00000000c2b00000, 0x00000000eab00000)
  object space 44032K, 55% used [0x00000000c0000000,0x00000000c180f490,0x00000000c2b00000)
 Metaspace       used 6084K, capacity 7152K, committed 7296K, reserved 1056768K
  class space    used 576K, capacity 616K, committed 640K, reserved 1048576K
Event: 18.864 GC heap after
Heap after GC invocations=8 (full 0):
 PSYoungGen      total 140288K, used 14318K [0x00000000eab00000, 0x00000000f4e00000, 0x0000000100000000)
  eden space 125952K, 0% used [0x00000000eab00000,0x00000000eab00000,0x00000000f2600000)
  from space 14336K, 99% used [0x00000000f3800000,0x00000000f45fb988,0x00000000f4600000)
  to   space 18432K, 0% used [0x00000000f2600000,0x00000000f2600000,0x00000000f3800000)
 ParOldGen       total 44032K, used 29436K [0x00000000c0000000, 0x00000000c2b00000, 0x00000000eab00000)
  object space 44032K, 66% used [0x00000000c0000000,0x00000000c1cbf2f0,0x00000000c2b00000)
 Metaspace       used 6084K, capacity 7152K, committed 7296K, reserved 1056768K
  class space    used 576K, capacity 616K, committed 640K, reserved 1048576K
}
Event: 22.804 GC heap before
{Heap before GC invocations=9 (full 0):
 PSYoungGen      total 140288K, used 140270K [0x00000000eab00000, 0x00000000f4e00000, 0x0000000100000000)
  eden space 125952K, 100% used [0x00000000eab00000,0x00000000f2600000,0x00000000f2600000)
  from space 14336K, 99% used [0x00000000f3800000,0x00000000f45fb988,0x00000000f4600000)
  to   space 18432K, 0% used [0x00000000f2600000,0x00000000f2600000,0x00000000f3800000)
 ParOldGen       total 44032K, used 29436K [0x00000000c0000000, 0x00000000c2b00000, 0x00000000eab00000)
  object space 44032K, 66% used [0x00000000c0000000,0x00000000c1cbf2f0,0x00000000c2b00000)
 Metaspace       used 6092K, capacity 7216K, committed 7296K, reserved 1056768K
  class space    used 576K, capacity 616K, committed 640K, reserved 1048576K
Event: 22.917 GC heap after
Heap after GC invocations=9 (full 0):
 PSYoungGen      total 144384K, used 18430K [0x00000000eab00000, 0x00000000fa700000, 0x0000000100000000)
  eden space 125952K, 0% used [0x00000000eab00000,0x00000000eab00000,0x00000000f2600000)
  from space 18432K, 99% used [0x00000000f2600000,0x00000000f37ff850,0x00000000f3800000)
  to   space 28160K, 0% used [0x00000000f8b80000,0x00000000f8b80000,0x00000000fa700000)
 ParOldGen       total 46080K, used 45780K [0x00000000c0000000, 0x00000000c2d00000, 0x00000000eab00000)
  object space 46080K, 99% used [0x00000000c0000000,0x00000000c2cb5348,0x00000000c2d00000)
 Metaspace       used 6092K, capacity 7216K, committed 7296K, reserved 1056768K
  class space    used 576K, capacity 616K, committed 640K, reserved 1048576K
}
Event: 22.917 GC heap before
{Heap before GC invocations=10 (full 1):
 PSYoungGen      total 144384K, used 18430K [0x00000000eab00000, 0x00000000fa700000, 0x0000000100000000)
  eden space 125952K, 0% used [0x00000000eab00000,0x00000000eab00000,0x00000000f2600000)
  from space 18432K, 99% used [0x00000000f2600000,0x00000000f37ff850,0x00000000f3800000)
  to   space 28160K, 0% used [0x00000000f8b80000,0x00000000f8b80000,0x00000000fa700000)
 ParOldGen       total 46080K, used 45780K [0x00000000c0000000, 0x00000000c2d00000, 0x00000000eab00000)
  object space 46080K, 99% used [0x00000000c0000000,0x00000000c2cb5348,0x00000000c2d00000)
 Metaspace       used 6092K, capacity 7216K, committed 7296K, reserved 1056768K
  class space    used 576K, capacity 616K, committed 640K, reserved 1048576K

